[2025-04-21 14:35:29] local.ERROR: Unmatched '}' {"exception":"[object] (ParseError(code: 0): Unmatched '}' at C:\\Users\\rizka\\OneDrive\\Documents\\GitHub\\FoodSaver-SI4609-Kelompok3\\routes\\web.php:85)
[stacktrace]
#0 C:\\Users\\rizka\\OneDrive\\Documents\\GitHub\\FoodSaver-SI4609-Kelompok3\\vendor\\laravel\\framework\\src\\Illuminate\\Routing\\Router.php(512): Illuminate\\Routing\\RouteFileRegistrar->register()
#1 C:\\Users\\rizka\\OneDrive\\Documents\\GitHub\\FoodSaver-SI4609-Kelompok3\\vendor\\laravel\\framework\\src\\Illuminate\\Routing\\Router.php(466): Illuminate\\Routing\\Router->loadRoutes()
#2 C:\\Users\\rizka\\OneDrive\\Documents\\GitHub\\FoodSaver-SI4609-Kelompok3\\vendor\\laravel\\framework\\src\\Illuminate\\Routing\\RouteRegistrar.php(206): Illuminate\\Routing\\Router->group()
#3 C:\\Users\\rizka\\OneDrive\\Documents\\GitHub\\FoodSaver-SI4609-Kelompok3\\vendor\\laravel\\framework\\src\\Illuminate\\Foundation\\Configuration\\ApplicationBuilder.php(248): Illuminate\\Routing\\RouteRegistrar->group()
#4 C:\\Users\\rizka\\OneDrive\\Documents\\GitHub\\FoodSaver-SI4609-Kelompok3\\vendor\\laravel\\framework\\src\\Illuminate\\Container\\BoundMethod.php(36): Illuminate\\Foundation\\Configuration\\ApplicationBuilder->Illuminate\\Foundation\\Configuration\\{closure}()
#5 C:\\Users\\rizka\\OneDrive\\Documents\\GitHub\\FoodSaver-SI4609-Kelompok3\\vendor\\laravel\\framework\\src\\Illuminate\\Container\\Util.php(43): Illuminate\\Container\\BoundMethod::Illuminate\\Container\\{closure}()
#6 C:\\Users\\rizka\\OneDrive\\Documents\\GitHub\\FoodSaver-SI4609-Kelompok3\\vendor\\laravel\\framework\\src\\Illuminate\\Container\\BoundMethod.php(84): Illuminate\\Container\\Util::unwrapIfClosure()
#7 C:\\Users\\rizka\\OneDrive\\Documents\\GitHub\\FoodSaver-SI4609-Kelompok3\\vendor\\laravel\\framework\\src\\Illuminate\\Container\\BoundMethod.php(35): Illuminate\\Container\\BoundMethod::callBoundMethod()
#8 C:\\Users\\rizka\\OneDrive\\Documents\\GitHub\\FoodSaver-SI4609-Kelompok3\\vendor\\laravel\\framework\\src\\Illuminate\\Container\\Container.php(754): Illuminate\\Container\\BoundMethod::call()
#9 C:\\Users\\rizka\\OneDrive\\Documents\\GitHub\\FoodSaver-SI4609-Kelompok3\\vendor\\laravel\\framework\\src\\Illuminate\\Foundation\\Support\\Providers\\RouteServiceProvider.php(162): Illuminate\\Container\\Container->call()
#10 C:\\Users\\rizka\\OneDrive\\Documents\\GitHub\\FoodSaver-SI4609-Kelompok3\\vendor\\laravel\\framework\\src\\Illuminate\\Foundation\\Support\\Providers\\RouteServiceProvider.php(59): Illuminate\\Foundation\\Support\\Providers\\RouteServiceProvider->loadRoutes()
#11 C:\\Users\\rizka\\OneDrive\\Documents\\GitHub\\FoodSaver-SI4609-Kelompok3\\vendor\\laravel\\framework\\src\\Illuminate\\Container\\BoundMethod.php(36): Illuminate\\Foundation\\Support\\Providers\\RouteServiceProvider->Illuminate\\Foundation\\Support\\Providers\\{closure}()
#12 C:\\Users\\rizka\\OneDrive\\Documents\\GitHub\\FoodSaver-SI4609-Kelompok3\\vendor\\laravel\\framework\\src\\Illuminate\\Container\\Util.php(43): Illuminate\\Container\\BoundMethod::Illuminate\\Container\\{closure}()
#13 C:\\Users\\rizka\\OneDrive\\Documents\\GitHub\\FoodSaver-SI4609-Kelompok3\\vendor\\laravel\\framework\\src\\Illuminate\\Container\\BoundMethod.php(84): Illuminate\\Container\\Util::unwrapIfClosure()
#14 C:\\Users\\rizka\\OneDrive\\Documents\\GitHub\\FoodSaver-SI4609-Kelompok3\\vendor\\laravel\\framework\\src\\Illuminate\\Container\\BoundMethod.php(35): Illuminate\\Container\\BoundMethod::callBoundMethod()
#15 C:\\Users\\rizka\\OneDrive\\Documents\\GitHub\\FoodSaver-SI4609-Kelompok3\\vendor\\laravel\\framework\\src\\Illuminate\\Container\\Container.php(754): Illuminate\\Container\\BoundMethod::call()
#16 C:\\Users\\rizka\\OneDrive\\Documents\\GitHub\\FoodSaver-SI4609-Kelompok3\\vendor\\laravel\\framework\\src\\Illuminate\\Support\\ServiceProvider.php(143): Illuminate\\Container\\Container->call()
#17 C:\\Users\\rizka\\OneDrive\\Documents\\GitHub\\FoodSaver-SI4609-Kelompok3\\vendor\\laravel\\framework\\src\\Illuminate\\Foundation\\Application.php(1153): Illuminate\\Support\\ServiceProvider->callBootedCallbacks()
#18 C:\\Users\\rizka\\OneDrive\\Documents\\GitHub\\FoodSaver-SI4609-Kelompok3\\vendor\\laravel\\framework\\src\\Illuminate\\Foundation\\Application.php(1131): Illuminate\\Foundation\\Application->bootProvider()
#19 [internal function]: Illuminate\\Foundation\\Application->Illuminate\\Foundation\\{closure}()
#20 C:\\Users\\rizka\\OneDrive\\Documents\\GitHub\\FoodSaver-SI4609-Kelompok3\\vendor\\laravel\\framework\\src\\Illuminate\\Foundation\\Application.php(1130): array_walk()
#21 C:\\Users\\rizka\\OneDrive\\Documents\\GitHub\\FoodSaver-SI4609-Kelompok3\\vendor\\laravel\\framework\\src\\Illuminate\\Foundation\\Bootstrap\\BootProviders.php(17): Illuminate\\Foundation\\Application->boot()
#22 C:\\Users\\rizka\\OneDrive\\Documents\\GitHub\\FoodSaver-SI4609-Kelompok3\\vendor\\laravel\\framework\\src\\Illuminate\\Foundation\\Application.php(341): Illuminate\\Foundation\\Bootstrap\\BootProviders->bootstrap()
#23 C:\\Users\\rizka\\OneDrive\\Documents\\GitHub\\FoodSaver-SI4609-Kelompok3\\vendor\\laravel\\framework\\src\\Illuminate\\Foundation\\Http\\Kernel.php(186): Illuminate\\Foundation\\Application->bootstrapWith()
#24 C:\\Users\\rizka\\OneDrive\\Documents\\GitHub\\FoodSaver-SI4609-Kelompok3\\vendor\\laravel\\framework\\src\\Illuminate\\Foundation\\Http\\Kernel.php(170): Illuminate\\Foundation\\Http\\Kernel->bootstrap()
#25 C:\\Users\\rizka\\OneDrive\\Documents\\GitHub\\FoodSaver-SI4609-Kelompok3\\vendor\\laravel\\framework\\src\\Illuminate\\Foundation\\Http\\Kernel.php(144): Illuminate\\Foundation\\Http\\Kernel->sendRequestThroughRouter()
#26 C:\\Users\\rizka\\OneDrive\\Documents\\GitHub\\FoodSaver-SI4609-Kelompok3\\vendor\\laravel\\framework\\src\\Illuminate\\Foundation\\Application.php(1219): Illuminate\\Foundation\\Http\\Kernel->handle()
#27 C:\\Users\\rizka\\OneDrive\\Documents\\GitHub\\FoodSaver-SI4609-Kelompok3\\public\\index.php(20): Illuminate\\Foundation\\Application->handleRequest()
#28 C:\\Users\\rizka\\OneDrive\\Documents\\GitHub\\FoodSaver-SI4609-Kelompok3\\vendor\\laravel\\framework\\src\\Illuminate\\Foundation\\resources\\server.php(23): require_once('...')
#29 {main}
"} 
[2025-04-21 14:37:12] local.ERROR: Unmatched '}' {"exception":"[object] (ParseError(code: 0): Unmatched '}' at C:\\Users\\rizka\\OneDrive\\Documents\\GitHub\\FoodSaver-SI4609-Kelompok3\\routes\\web.php:85)
[stacktrace]
#0 C:\\Users\\rizka\\OneDrive\\Documents\\GitHub\\FoodSaver-SI4609-Kelompok3\\vendor\\laravel\\framework\\src\\Illuminate\\Routing\\Router.php(512): Illuminate\\Routing\\RouteFileRegistrar->register()
#1 C:\\Users\\rizka\\OneDrive\\Documents\\GitHub\\FoodSaver-SI4609-Kelompok3\\vendor\\laravel\\framework\\src\\Illuminate\\Routing\\Router.php(466): Illuminate\\Routing\\Router->loadRoutes()
#2 C:\\Users\\rizka\\OneDrive\\Documents\\GitHub\\FoodSaver-SI4609-Kelompok3\\vendor\\laravel\\framework\\src\\Illuminate\\Routing\\RouteRegistrar.php(206): Illuminate\\Routing\\Router->group()
#3 C:\\Users\\rizka\\OneDrive\\Documents\\GitHub\\FoodSaver-SI4609-Kelompok3\\vendor\\laravel\\framework\\src\\Illuminate\\Foundation\\Configuration\\ApplicationBuilder.php(248): Illuminate\\Routing\\RouteRegistrar->group()
#4 C:\\Users\\rizka\\OneDrive\\Documents\\GitHub\\FoodSaver-SI4609-Kelompok3\\vendor\\laravel\\framework\\src\\Illuminate\\Container\\BoundMethod.php(36): Illuminate\\Foundation\\Configuration\\ApplicationBuilder->Illuminate\\Foundation\\Configuration\\{closure}()
#5 C:\\Users\\rizka\\OneDrive\\Documents\\GitHub\\FoodSaver-SI4609-Kelompok3\\vendor\\laravel\\framework\\src\\Illuminate\\Container\\Util.php(43): Illuminate\\Container\\BoundMethod::Illuminate\\Container\\{closure}()
#6 C:\\Users\\rizka\\OneDrive\\Documents\\GitHub\\FoodSaver-SI4609-Kelompok3\\vendor\\laravel\\framework\\src\\Illuminate\\Container\\BoundMethod.php(84): Illuminate\\Container\\Util::unwrapIfClosure()
#7 C:\\Users\\rizka\\OneDrive\\Documents\\GitHub\\FoodSaver-SI4609-Kelompok3\\vendor\\laravel\\framework\\src\\Illuminate\\Container\\BoundMethod.php(35): Illuminate\\Container\\BoundMethod::callBoundMethod()
#8 C:\\Users\\rizka\\OneDrive\\Documents\\GitHub\\FoodSaver-SI4609-Kelompok3\\vendor\\laravel\\framework\\src\\Illuminate\\Container\\Container.php(754): Illuminate\\Container\\BoundMethod::call()
#9 C:\\Users\\rizka\\OneDrive\\Documents\\GitHub\\FoodSaver-SI4609-Kelompok3\\vendor\\laravel\\framework\\src\\Illuminate\\Foundation\\Support\\Providers\\RouteServiceProvider.php(162): Illuminate\\Container\\Container->call()
#10 C:\\Users\\rizka\\OneDrive\\Documents\\GitHub\\FoodSaver-SI4609-Kelompok3\\vendor\\laravel\\framework\\src\\Illuminate\\Foundation\\Support\\Providers\\RouteServiceProvider.php(59): Illuminate\\Foundation\\Support\\Providers\\RouteServiceProvider->loadRoutes()
#11 C:\\Users\\rizka\\OneDrive\\Documents\\GitHub\\FoodSaver-SI4609-Kelompok3\\vendor\\laravel\\framework\\src\\Illuminate\\Container\\BoundMethod.php(36): Illuminate\\Foundation\\Support\\Providers\\RouteServiceProvider->Illuminate\\Foundation\\Support\\Providers\\{closure}()
#12 C:\\Users\\rizka\\OneDrive\\Documents\\GitHub\\FoodSaver-SI4609-Kelompok3\\vendor\\laravel\\framework\\src\\Illuminate\\Container\\Util.php(43): Illuminate\\Container\\BoundMethod::Illuminate\\Container\\{closure}()
#13 C:\\Users\\rizka\\OneDrive\\Documents\\GitHub\\FoodSaver-SI4609-Kelompok3\\vendor\\laravel\\framework\\src\\Illuminate\\Container\\BoundMethod.php(84): Illuminate\\Container\\Util::unwrapIfClosure()
#14 C:\\Users\\rizka\\OneDrive\\Documents\\GitHub\\FoodSaver-SI4609-Kelompok3\\vendor\\laravel\\framework\\src\\Illuminate\\Container\\BoundMethod.php(35): Illuminate\\Container\\BoundMethod::callBoundMethod()
#15 C:\\Users\\rizka\\OneDrive\\Documents\\GitHub\\FoodSaver-SI4609-Kelompok3\\vendor\\laravel\\framework\\src\\Illuminate\\Container\\Container.php(754): Illuminate\\Container\\BoundMethod::call()
#16 C:\\Users\\rizka\\OneDrive\\Documents\\GitHub\\FoodSaver-SI4609-Kelompok3\\vendor\\laravel\\framework\\src\\Illuminate\\Support\\ServiceProvider.php(143): Illuminate\\Container\\Container->call()
#17 C:\\Users\\rizka\\OneDrive\\Documents\\GitHub\\FoodSaver-SI4609-Kelompok3\\vendor\\laravel\\framework\\src\\Illuminate\\Foundation\\Application.php(1153): Illuminate\\Support\\ServiceProvider->callBootedCallbacks()
#18 C:\\Users\\rizka\\OneDrive\\Documents\\GitHub\\FoodSaver-SI4609-Kelompok3\\vendor\\laravel\\framework\\src\\Illuminate\\Foundation\\Application.php(1131): Illuminate\\Foundation\\Application->bootProvider()
#19 [internal function]: Illuminate\\Foundation\\Application->Illuminate\\Foundation\\{closure}()
#20 C:\\Users\\rizka\\OneDrive\\Documents\\GitHub\\FoodSaver-SI4609-Kelompok3\\vendor\\laravel\\framework\\src\\Illuminate\\Foundation\\Application.php(1130): array_walk()
#21 C:\\Users\\rizka\\OneDrive\\Documents\\GitHub\\FoodSaver-SI4609-Kelompok3\\vendor\\laravel\\framework\\src\\Illuminate\\Foundation\\Bootstrap\\BootProviders.php(17): Illuminate\\Foundation\\Application->boot()
#22 C:\\Users\\rizka\\OneDrive\\Documents\\GitHub\\FoodSaver-SI4609-Kelompok3\\vendor\\laravel\\framework\\src\\Illuminate\\Foundation\\Application.php(341): Illuminate\\Foundation\\Bootstrap\\BootProviders->bootstrap()
#23 C:\\Users\\rizka\\OneDrive\\Documents\\GitHub\\FoodSaver-SI4609-Kelompok3\\vendor\\laravel\\framework\\src\\Illuminate\\Foundation\\Http\\Kernel.php(186): Illuminate\\Foundation\\Application->bootstrapWith()
#24 C:\\Users\\rizka\\OneDrive\\Documents\\GitHub\\FoodSaver-SI4609-Kelompok3\\vendor\\laravel\\framework\\src\\Illuminate\\Foundation\\Http\\Kernel.php(170): Illuminate\\Foundation\\Http\\Kernel->bootstrap()
#25 C:\\Users\\rizka\\OneDrive\\Documents\\GitHub\\FoodSaver-SI4609-Kelompok3\\vendor\\laravel\\framework\\src\\Illuminate\\Foundation\\Http\\Kernel.php(144): Illuminate\\Foundation\\Http\\Kernel->sendRequestThroughRouter()
#26 C:\\Users\\rizka\\OneDrive\\Documents\\GitHub\\FoodSaver-SI4609-Kelompok3\\vendor\\laravel\\framework\\src\\Illuminate\\Foundation\\Application.php(1219): Illuminate\\Foundation\\Http\\Kernel->handle()
#27 C:\\Users\\rizka\\OneDrive\\Documents\\GitHub\\FoodSaver-SI4609-Kelompok3\\public\\index.php(20): Illuminate\\Foundation\\Application->handleRequest()
#28 C:\\Users\\rizka\\OneDrive\\Documents\\GitHub\\FoodSaver-SI4609-Kelompok3\\vendor\\laravel\\framework\\src\\Illuminate\\Foundation\\resources\\server.php(23): require_once('...')
#29 {main}
"} 
